Determining if the pthread_create exist failed with the following output:
Change Dir: /home/mrsl_student/git/catkin_ws/build/CMakeFiles/CMakeTmp

Run Build Command:"/usr/bin/make" "cmTC_76e13/fast"
/usr/bin/make -f CMakeFiles/cmTC_76e13.dir/build.make CMakeFiles/cmTC_76e13.dir/build
make[1]: Entering directory `/home/mrsl_student/git/catkin_ws/build/CMakeFiles/CMakeTmp'
Building C object CMakeFiles/cmTC_76e13.dir/CheckSymbolExists.c.o
/usr/local/bin/cc    -o CMakeFiles/cmTC_76e13.dir/CheckSymbolExists.c.o   -c /home/mrsl_student/git/catkin_ws/build/CMakeFiles/CMakeTmp/CheckSymbolExists.c
Linking C executable cmTC_76e13
/usr/local/bin/cmake -E cmake_link_script CMakeFiles/cmTC_76e13.dir/link.txt --verbose=1
/usr/local/bin/cc       CMakeFiles/cmTC_76e13.dir/CheckSymbolExists.c.o  -o cmTC_76e13 -rdynamic 
CMakeFiles/cmTC_76e13.dir/CheckSymbolExists.c.o: In function `main':
CheckSymbolExists.c:(.text+0x16): undefined reference to `pthread_create'
collect2: error: ld returned 1 exit status
make[1]: *** [cmTC_76e13] Error 1
make[1]: Leaving directory `/home/mrsl_student/git/catkin_ws/build/CMakeFiles/CMakeTmp'
make: *** [cmTC_76e13/fast] Error 2

File /home/mrsl_student/git/catkin_ws/build/CMakeFiles/CMakeTmp/CheckSymbolExists.c:
/* */
#include <pthread.h>

int main(int argc, char** argv)
{
  (void)argv;
#ifndef pthread_create
  return ((int*)(&pthread_create))[argc];
#else
  (void)argc;
  return 0;
#endif
}

Determining if the function pthread_create exists in the pthreads failed with the following output:
Change Dir: /home/mrsl_student/git/catkin_ws/build/CMakeFiles/CMakeTmp

Run Build Command:"/usr/bin/make" "cmTC_c20df/fast"
/usr/bin/make -f CMakeFiles/cmTC_c20df.dir/build.make CMakeFiles/cmTC_c20df.dir/build
make[1]: Entering directory `/home/mrsl_student/git/catkin_ws/build/CMakeFiles/CMakeTmp'
Building C object CMakeFiles/cmTC_c20df.dir/CheckFunctionExists.c.o
/usr/local/bin/cc   -DCHECK_FUNCTION_EXISTS=pthread_create   -o CMakeFiles/cmTC_c20df.dir/CheckFunctionExists.c.o   -c /usr/local/share/cmake-3.3/Modules/CheckFunctionExists.c
Linking C executable cmTC_c20df
/usr/local/bin/cmake -E cmake_link_script CMakeFiles/cmTC_c20df.dir/link.txt --verbose=1
/usr/local/bin/cc   -DCHECK_FUNCTION_EXISTS=pthread_create    CMakeFiles/cmTC_c20df.dir/CheckFunctionExists.c.o  -o cmTC_c20df -rdynamic -lpthreads 
/usr/bin/ld: cannot find -lpthreads
collect2: error: ld returned 1 exit status
make[1]: *** [cmTC_c20df] Error 1
make[1]: Leaving directory `/home/mrsl_student/git/catkin_ws/build/CMakeFiles/CMakeTmp'
make: *** [cmTC_c20df/fast] Error 2


